mode: set
github.com/lanpaiva/api/internal/entity/product.go:25.59,33.16 3 1
github.com/lanpaiva/api/internal/entity/product.go:36.2,36.21 1 1
github.com/lanpaiva/api/internal/entity/product.go:33.16,35.3 1 1
github.com/lanpaiva/api/internal/entity/product.go:39.36,40.25 1 1
github.com/lanpaiva/api/internal/entity/product.go:43.2,43.57 1 1
github.com/lanpaiva/api/internal/entity/product.go:46.2,46.18 1 1
github.com/lanpaiva/api/internal/entity/product.go:49.2,49.18 1 1
github.com/lanpaiva/api/internal/entity/product.go:52.2,52.17 1 1
github.com/lanpaiva/api/internal/entity/product.go:55.2,55.12 1 1
github.com/lanpaiva/api/internal/entity/product.go:40.25,42.3 1 0
github.com/lanpaiva/api/internal/entity/product.go:43.57,45.3 1 0
github.com/lanpaiva/api/internal/entity/product.go:46.18,48.3 1 1
github.com/lanpaiva/api/internal/entity/product.go:49.18,51.3 1 1
github.com/lanpaiva/api/internal/entity/product.go:52.17,54.3 1 1
github.com/lanpaiva/api/internal/entity/user.go:16.59,18.16 2 1
github.com/lanpaiva/api/internal/entity/user.go:21.2,26.8 1 1
github.com/lanpaiva/api/internal/entity/user.go:18.16,20.3 1 0
github.com/lanpaiva/api/internal/entity/user.go:29.55,32.2 2 1
